Base path: C:/Program Files/Unity/2018.4.17f1/Editor/Data
Cmd: initializeCompiler
Cmd: compileComputeKernel
  api=4 insize=13661 outsize=85509 ok=1
Cmd: compileComputeKernel
  api=4 insize=13661 outsize=36093 ok=1
Cmd: compileComputeKernel
  api=4 insize=13661 outsize=60993 ok=1
Cmd: compileComputeKernel
  api=4 insize=26681 outsize=15341 ok=1
Cmd: compileComputeKernel
  api=4 insize=2134 outsize=349 ok=1
Cmd: compileComputeKernel
  api=4 insize=2863 outsize=48145 ok=1
Cmd: compileComputeKernel
  api=4 insize=11176 outsize=9693 ok=1
Cmd: compileComputeKernel
  api=4 insize=8005 outsize=5001 ok=1
Cmd: compileComputeKernel
  api=4 insize=5022 outsize=3733 ok=1
Cmd: compileComputeKernel
  api=4 insize=3532 outsize=2681 ok=1
Cmd: compileComputeKernel
  api=4 insize=6353 outsize=6497 ok=1
Cmd: compileComputeKernel
  api=4 insize=18731 outsize=8681 ok=1
Cmd: compileComputeKernel
  api=4 insize=14079 outsize=2265 ok=1
Cmd: compileComputeKernel
  api=4 insize=16866 outsize=5425 ok=1
Cmd: compileComputeKernel
  api=4 insize=16866 outsize=8469 ok=1
Cmd: compileComputeKernel
  api=4 insize=16866 outsize=7069 ok=1
Cmd: compileComputeKernel
  api=4 insize=16866 outsize=9485 ok=1
Cmd: initializeCompiler
Cmd: initializeCompiler
Cmd: initializeCompiler
Cmd: initializeCompiler
Cmd: initializeCompiler
Cmd: initializeCompiler
Cmd: initializeCompiler
Cmd: initializeCompiler
Cmd: initializeCompiler
Cmd: initializeCompiler
Cmd: initializeCompiler
Cmd: initializeCompiler
Cmd: initializeCompiler
Cmd: initializeCompiler
Cmd: initializeCompiler
Cmd: initializeCompiler
Cmd: initializeCompiler
Cmd: initializeCompiler
Cmd: initializeCompiler
Cmd: initializeCompiler
Cmd: initializeCompiler
Cmd: initializeCompiler
Cmd: initializeCompiler
Cmd: initializeCompiler
Cmd: initializeCompiler
Cmd: initializeCompiler
Cmd: initializeCompiler
Cmd: initializeCompiler
Cmd: initializeCompiler
Cmd: initializeCompiler
Cmd: initializeCompiler
Cmd: initializeCompiler
Cmd: initializeCompiler
Cmd: initializeCompiler

Quitting shader compiler process
