Base path: C:/Program Files/Unity/2018.4.17f1/Editor/Data
Cmd: initializeCompiler
Cmd: compileComputeKernel
  api=4 insize=13661 outsize=95093 ok=1
Cmd: compileComputeKernel
  api=4 insize=13661 outsize=68769 ok=1
Cmd: compileComputeKernel
  api=4 insize=19063 outsize=15261 ok=1
Cmd: compileComputeKernel
  api=4 insize=17323 outsize=6877 ok=1
Cmd: compileComputeKernel
  api=4 insize=16866 outsize=7009 ok=1
Cmd: compileComputeKernel
  api=4 insize=16866 outsize=8317 ok=1
Cmd: compileComputeKernel
  api=4 insize=16866 outsize=7765 ok=1
Cmd: compileComputeKernel
  api=4 insize=16866 outsize=8805 ok=1
Cmd: initializeCompiler
Cmd: initializeCompiler
Cmd: initializeCompiler
Cmd: initializeCompiler
Cmd: initializeCompiler
Cmd: initializeCompiler
Cmd: initializeCompiler
Cmd: initializeCompiler
Cmd: initializeCompiler
Cmd: initializeCompiler
Cmd: initializeCompiler
Cmd: initializeCompiler
Cmd: initializeCompiler
Cmd: initializeCompiler
Cmd: initializeCompiler
Cmd: initializeCompiler
Cmd: initializeCompiler
Cmd: initializeCompiler
Cmd: initializeCompiler
Cmd: initializeCompiler
Cmd: initializeCompiler
Cmd: initializeCompiler
Cmd: initializeCompiler
Cmd: initializeCompiler
Cmd: initializeCompiler
Cmd: initializeCompiler
Cmd: initializeCompiler
Cmd: initializeCompiler
Cmd: initializeCompiler
Cmd: initializeCompiler
Cmd: initializeCompiler
Cmd: initializeCompiler
Cmd: initializeCompiler
Cmd: initializeCompiler

Quitting shader compiler process
