Base path: C:/Program Files/Unity/2018.4.17f1/Editor/Data
Cmd: initializeCompiler
Cmd: compileComputeKernel
  api=4 insize=13661 outsize=48257 ok=1
Cmd: compileComputeKernel
  api=4 insize=13661 outsize=41257 ok=1
Cmd: compileComputeKernel
  api=4 insize=13661 outsize=32681 ok=1
Cmd: compileComputeKernel
  api=4 insize=13661 outsize=43237 ok=1
Cmd: compileComputeKernel
  api=4 insize=1226 outsize=821 ok=1
Cmd: compileComputeKernel
  api=4 insize=11176 outsize=10593 ok=1
Cmd: compileComputeKernel
  api=4 insize=18731 outsize=8781 ok=1
Cmd: compileComputeKernel
  api=4 insize=16866 outsize=6121 ok=1
Cmd: compileComputeKernel
  api=4 insize=16866 outsize=6805 ok=1
Cmd: compileComputeKernel
  api=4 insize=16866 outsize=7261 ok=1
Cmd: compileComputeKernel
  api=4 insize=16866 outsize=8077 ok=1
Cmd: compileComputeKernel
  api=4 insize=16866 outsize=10245 ok=1
Cmd: compileComputeKernel
  api=4 insize=3265 outsize=4233 ok=1
Cmd: compileComputeKernel
  api=4 insize=1192 outsize=541 ok=1
Cmd: initializeCompiler
Cmd: initializeCompiler
Cmd: initializeCompiler
Cmd: initializeCompiler
Cmd: initializeCompiler
Cmd: initializeCompiler
Cmd: initializeCompiler
Cmd: initializeCompiler
Cmd: initializeCompiler
Cmd: initializeCompiler
Cmd: initializeCompiler
Cmd: initializeCompiler
Cmd: initializeCompiler
Cmd: initializeCompiler
Cmd: initializeCompiler
Cmd: initializeCompiler
Cmd: initializeCompiler
Cmd: initializeCompiler
Cmd: initializeCompiler
Cmd: initializeCompiler
Cmd: initializeCompiler
Cmd: initializeCompiler
Cmd: initializeCompiler
Cmd: initializeCompiler
Cmd: initializeCompiler
Cmd: initializeCompiler
Cmd: initializeCompiler
Cmd: initializeCompiler
Cmd: initializeCompiler
Cmd: initializeCompiler
Cmd: initializeCompiler
Cmd: initializeCompiler
Cmd: initializeCompiler
Cmd: initializeCompiler

Quitting shader compiler process
