Base path: C:/Program Files/Unity/2018.4.17f1/Editor/Data
Cmd: initializeCompiler
Cmd: compileComputeKernel
  api=4 insize=13661 outsize=21453 ok=1
Cmd: compileComputeKernel
  api=4 insize=13661 outsize=31221 ok=1
Cmd: compileComputeKernel
  api=4 insize=13661 outsize=31957 ok=1
Cmd: compileComputeKernel
  api=4 insize=13661 outsize=87137 ok=1
Cmd: compileComputeKernel
  api=4 insize=26681 outsize=15569 ok=1
Cmd: compileComputeKernel
  api=4 insize=5022 outsize=5397 ok=1
Cmd: compileComputeKernel
  api=4 insize=18731 outsize=10769 ok=1
Cmd: compileComputeKernel
  api=4 insize=36517 outsize=47373 ok=1
Cmd: compileComputeKernel
  api=4 insize=8350 outsize=2077 ok=1
Cmd: compileComputeKernel
  api=4 insize=17323 outsize=6877 ok=1
Cmd: compileComputeKernel
  api=4 insize=16866 outsize=6625 ok=1
Cmd: compileComputeKernel
  api=4 insize=16866 outsize=7333 ok=1
Cmd: compileComputeKernel
  api=4 insize=16866 outsize=8269 ok=1
Cmd: compileComputeKernel
  api=4 insize=16866 outsize=8277 ok=1
Cmd: initializeCompiler
Cmd: initializeCompiler
Cmd: initializeCompiler
Cmd: initializeCompiler
Cmd: initializeCompiler
Cmd: initializeCompiler
Cmd: initializeCompiler
Cmd: initializeCompiler
Cmd: initializeCompiler
Cmd: initializeCompiler
Cmd: initializeCompiler
Cmd: initializeCompiler
Cmd: initializeCompiler
Cmd: initializeCompiler
Cmd: initializeCompiler
Cmd: initializeCompiler
Cmd: initializeCompiler
Cmd: initializeCompiler
Cmd: initializeCompiler
Cmd: initializeCompiler
Cmd: initializeCompiler
Cmd: initializeCompiler
Cmd: initializeCompiler
Cmd: initializeCompiler
Cmd: initializeCompiler
Cmd: initializeCompiler
Cmd: initializeCompiler
Cmd: initializeCompiler
Cmd: initializeCompiler
Cmd: initializeCompiler
Cmd: initializeCompiler
Cmd: initializeCompiler
Cmd: initializeCompiler
Cmd: initializeCompiler

Quitting shader compiler process
