Base path: C:/Program Files/Unity/2018.4.17f1/Editor/Data
Cmd: initializeCompiler
Cmd: compileComputeKernel
  api=4 insize=13661 outsize=87245 ok=1
Cmd: compileComputeKernel
  api=4 insize=13661 outsize=44125 ok=1
Cmd: compileComputeKernel
  api=4 insize=26681 outsize=14253 ok=1
Cmd: compileComputeKernel
  api=4 insize=19063 outsize=13729 ok=1
Cmd: compileComputeKernel
  api=4 insize=2953 outsize=353 ok=1
Cmd: compileComputeKernel
  api=4 insize=1864 outsize=1389 ok=1
Cmd: compileComputeKernel
  api=4 insize=692 outsize=573 ok=1
Cmd: compileComputeKernel
  api=4 insize=1580 outsize=16105 ok=1
Cmd: compileComputeKernel
  api=4 insize=20370 outsize=27305 ok=1
Cmd: compileComputeKernel
  api=4 insize=36517 outsize=31009 ok=1
Cmd: compileComputeKernel
  api=4 insize=17323 outsize=15157 ok=1
Cmd: compileComputeKernel
  api=4 insize=3506 outsize=1685 ok=1
Cmd: compileComputeKernel
  api=4 insize=16866 outsize=4729 ok=1
Cmd: compileComputeKernel
  api=4 insize=16866 outsize=6501 ok=1
Cmd: compileComputeKernel
  api=4 insize=16866 outsize=6181 ok=1
Cmd: compileComputeKernel
  api=4 insize=16866 outsize=7957 ok=1
Cmd: compileComputeKernel
  api=4 insize=16866 outsize=10469 ok=1
Cmd: initializeCompiler
Cmd: initializeCompiler
Cmd: initializeCompiler
Cmd: initializeCompiler
Cmd: initializeCompiler
Cmd: initializeCompiler
Cmd: initializeCompiler
Cmd: initializeCompiler
Cmd: initializeCompiler
Cmd: initializeCompiler
Cmd: initializeCompiler
Cmd: initializeCompiler
Cmd: initializeCompiler
Cmd: initializeCompiler
Cmd: initializeCompiler
Cmd: initializeCompiler
Cmd: initializeCompiler
Cmd: initializeCompiler
Cmd: initializeCompiler
Cmd: initializeCompiler
Cmd: initializeCompiler
Cmd: initializeCompiler
Cmd: initializeCompiler
Cmd: initializeCompiler
Cmd: initializeCompiler
Cmd: initializeCompiler
Cmd: initializeCompiler
Cmd: initializeCompiler
Cmd: initializeCompiler
Cmd: initializeCompiler
Cmd: initializeCompiler
Cmd: initializeCompiler
Cmd: initializeCompiler
Cmd: initializeCompiler

Quitting shader compiler process
