Base path: C:/Program Files/Unity/2018.4.17f1/Editor/Data
Cmd: initializeCompiler
Cmd: compileComputeKernel
  api=4 insize=13661 outsize=56897 ok=1
Cmd: compileComputeKernel
  api=4 insize=13661 outsize=40417 ok=1
Cmd: compileComputeKernel
  api=4 insize=13661 outsize=32677 ok=1
Cmd: compileComputeKernel
  api=4 insize=13661 outsize=36157 ok=1
Cmd: compileComputeKernel
  api=4 insize=26681 outsize=16285 ok=1
Cmd: compileComputeKernel
  api=4 insize=19063 outsize=14613 ok=1
Cmd: compileComputeKernel
  api=4 insize=5591 outsize=6445 ok=1
Cmd: compileComputeKernel
  api=4 insize=21751 outsize=21785 ok=1
Cmd: compileComputeKernel
  api=4 insize=2517 outsize=2573 ok=1
Cmd: compileComputeKernel
  api=4 insize=2953 outsize=1329 ok=1
Cmd: compileComputeKernel
  api=4 insize=1864 outsize=553 ok=1
Cmd: compileComputeKernel
  api=4 insize=692 outsize=573 ok=1
Cmd: compileComputeKernel
  api=4 insize=16866 outsize=6893 ok=1
Cmd: compileComputeKernel
  api=4 insize=16866 outsize=9757 ok=1
Cmd: compileComputeKernel
  api=4 insize=16866 outsize=11145 ok=1
Cmd: initializeCompiler
Cmd: initializeCompiler
Cmd: initializeCompiler
Cmd: initializeCompiler
Cmd: initializeCompiler
Cmd: initializeCompiler
Cmd: initializeCompiler
Cmd: initializeCompiler
Cmd: initializeCompiler
Cmd: initializeCompiler
Cmd: initializeCompiler
Cmd: initializeCompiler
Cmd: initializeCompiler
Cmd: initializeCompiler
Cmd: initializeCompiler
Cmd: initializeCompiler
Cmd: initializeCompiler
Cmd: initializeCompiler
Cmd: initializeCompiler
Cmd: initializeCompiler
Cmd: initializeCompiler
Cmd: initializeCompiler
Cmd: initializeCompiler
Cmd: initializeCompiler
Cmd: initializeCompiler
Cmd: initializeCompiler
Cmd: initializeCompiler
Cmd: initializeCompiler
Cmd: initializeCompiler
Cmd: initializeCompiler
Cmd: initializeCompiler
Cmd: initializeCompiler
Cmd: initializeCompiler
Cmd: initializeCompiler

Quitting shader compiler process
